2021/06/20 17:56:39 [emerg] 1#1: invalid number of arguments in "add_header" directive in /etc/nginx/conf.d/default.conf:10
2021/06/20 17:58:33 [notice] 1#1: using the "epoll" event method
2021/06/20 17:58:33 [notice] 1#1: nginx/1.20.1
2021/06/20 17:58:33 [notice] 1#1: built by gcc 10.2.1 20201203 (Alpine 10.2.1_pre1) 
2021/06/20 17:58:33 [notice] 1#1: OS: Linux 4.19.128-microsoft-standard
2021/06/20 17:58:33 [notice] 1#1: getrlimit(RLIMIT_NOFILE): 1048576:1048576
2021/06/20 17:58:33 [notice] 1#1: start worker processes
2021/06/20 17:58:33 [notice] 1#1: start worker process 31
2021/06/20 17:58:33 [notice] 1#1: start worker process 32
2021/06/20 17:58:33 [notice] 1#1: start worker process 33
2021/06/20 17:58:33 [notice] 1#1: start worker process 34
2021/06/20 18:00:19 [warn] 31#31: *1 an upstream response is buffered to a temporary file /var/cache/nginx/fastcgi_temp/1/00/0000000001 while reading upstream, client: 192.168.32.1, server: example.com, request: "GET / HTTP/1.1", upstream: "fastcgi://192.168.32.2:9000", host: "127.0.0.1:8080"
2021/06/20 18:12:00 [notice] 1#1: signal 3 (SIGQUIT) received, shutting down
2021/06/20 18:12:00 [notice] 31#31: gracefully shutting down
2021/06/20 18:12:00 [notice] 31#31: exiting
2021/06/20 18:12:00 [notice] 33#33: gracefully shutting down
2021/06/20 18:12:00 [notice] 33#33: exiting
2021/06/20 18:12:00 [notice] 33#33: exit
2021/06/20 18:12:00 [notice] 34#34: gracefully shutting down
2021/06/20 18:12:00 [notice] 32#32: gracefully shutting down
2021/06/20 18:12:00 [notice] 31#31: exit
2021/06/20 18:12:00 [notice] 34#34: exiting
2021/06/20 18:12:00 [notice] 34#34: exit
2021/06/20 18:12:00 [notice] 32#32: exiting
2021/06/20 18:12:00 [notice] 32#32: exit
2021/06/20 18:12:00 [notice] 1#1: signal 17 (SIGCHLD) received from 34
2021/06/20 18:12:00 [notice] 1#1: worker process 34 exited with code 0
2021/06/20 18:12:00 [notice] 1#1: signal 29 (SIGIO) received
2021/06/20 18:12:00 [notice] 1#1: signal 17 (SIGCHLD) received from 33
2021/06/20 18:12:00 [notice] 1#1: worker process 31 exited with code 0
2021/06/20 18:12:00 [notice] 1#1: worker process 32 exited with code 0
2021/06/20 18:12:00 [notice] 1#1: worker process 33 exited with code 0
2021/06/20 18:12:00 [notice] 1#1: exit
2021/06/20 18:26:19 [notice] 1#1: using the "epoll" event method
2021/06/20 18:26:19 [notice] 1#1: nginx/1.20.1
2021/06/20 18:26:19 [notice] 1#1: built by gcc 10.2.1 20201203 (Alpine 10.2.1_pre1) 
2021/06/20 18:26:19 [notice] 1#1: OS: Linux 4.19.128-microsoft-standard
2021/06/20 18:26:19 [notice] 1#1: getrlimit(RLIMIT_NOFILE): 1048576:1048576
2021/06/20 18:26:19 [notice] 1#1: start worker processes
2021/06/20 18:26:19 [notice] 1#1: start worker process 32
2021/06/20 18:26:19 [notice] 1#1: start worker process 33
2021/06/20 18:26:19 [notice] 1#1: start worker process 34
2021/06/20 18:26:19 [notice] 1#1: start worker process 35
